actionid: py34
msg: envreport
cmdargs: ['C:\\Workspase\\IoT\\FirstModule\\USBDetector\\.tox\\py34\\Scripts\\pip.EXE', 'freeze']

certifi==2017.7.27.1
chardet==3.0.4
check-manifest==0.35
codecov==2.0.9
colorama==0.3.9
coverage==4.4.1
coveralls==1.2.0
docopt==0.6.2
flake8==3.4.1
future==0.16.0
idna==2.6
linecache2==1.0.0
mccabe==0.6.1
pep8==1.7.0
pluggy==0.5.2
py==1.4.34
pycodestyle==2.3.1
pyflakes==1.5.0
pytest==3.2.3
pytest-cov==2.5.1
pytest-runner==2.12.1
pyusb==1.0.2
requests==2.18.4
six==1.11.0
tox==2.9.1
tox-pyenv==1.1.0
traceback2==1.4.0
unittest2==1.1.0
urllib3==1.22
usbdetector==0.1
virtualenv==15.1.0
c:\workspase\iot\firstmodule\usbdetector\.tox\py34\lib\site.py:165: DeprecationWarning: 'U' mode is deprecated
  f = open(fullname, "rU")
